2024-03-13 13:23:29 0 [Note] Starting MariaDB 10.11.6-MariaDB source revision fecd78b83785d5ae96f2c6ff340375be803cd299 as process 49390
2024-03-13 13:23:29 0 [Note] InnoDB: Compressed tables use zlib 1.3
2024-03-13 13:23:29 0 [Note] InnoDB: Number of transaction pools: 1
2024-03-13 13:23:29 0 [Note] InnoDB: Using crc32 + pclmulqdq instructions
2024-03-13 13:23:29 0 [Note] InnoDB: Using liburing
2024-03-13 13:23:29 0 [Note] InnoDB: Initializing buffer pool, total size = 128.000MiB, chunk size = 2.000MiB
2024-03-13 13:23:29 0 [Note] InnoDB: Completed initialization of buffer pool
2024-03-13 13:23:29 0 [Note] InnoDB: File system buffers for log disabled (block size=4096 bytes)
2024-03-13 13:23:29 0 [Note] InnoDB: End of log at LSN=46846
2024-03-13 13:23:29 0 [Note] InnoDB: 128 rollback segments are active.
2024-03-13 13:23:29 0 [Note] InnoDB: Setting file './ibtmp1' size to 12.000MiB. Physically writing the file full; Please wait ...
2024-03-13 13:23:29 0 [Note] InnoDB: File './ibtmp1' size is now 12.000MiB.
2024-03-13 13:23:29 0 [Note] InnoDB: log sequence number 46846; transaction id 14
2024-03-13 13:23:29 0 [Note] InnoDB: Loading buffer pool(s) from /home/vale/Desktop/alx-higher_level_programming/0x0D-SQL_introduction/mysql/data/ib_buffer_pool
2024-03-13 13:23:29 0 [Note] Plugin 'FEEDBACK' is disabled.
2024-03-13 13:23:29 0 [Note] InnoDB: Buffer pool(s) load completed at 240313 13:23:29
2024-03-13 13:23:29 0 [Note] Server socket created on IP: '0.0.0.0'.
2024-03-13 13:23:29 0 [ERROR] Can't start server: Bind on TCP/IP port. Got error: 98: Address already in use
2024-03-13 13:23:29 0 [ERROR] Do you already have another server running on port: 3306 ?
2024-03-13 13:23:29 0 [ERROR] Aborting
